Determining if the function clock_gettime exists in the rt failed with the following output:
Change Dir: /Users/workshare1/github/LearningRuby/appendix9-sequel/.bundle/ruby/2.1.0/gems/rugged-0.23.0/vendor/libgit2/build/CMakeFiles/CMakeTmp

Run Build Command:/usr/bin/make "cmTryCompileExec3917733495/fast"
/Applications/Xcode.app/Contents/Developer/usr/bin/make -f CMakeFiles/cmTryCompileExec3917733495.dir/build.make CMakeFiles/cmTryCompileExec3917733495.dir/build
/usr/local/Cellar/cmake/2.8.12.1/bin/cmake -E cmake_progress_report /Users/workshare1/github/LearningRuby/appendix9-sequel/.bundle/ruby/2.1.0/gems/rugged-0.23.0/vendor/libgit2/build/CMakeFiles/CMakeTmp/CMakeFiles 1
Building C object CMakeFiles/cmTryCompileExec3917733495.dir/CheckFunctionExists.c.o
/usr/bin/cc   -D_GNU_SOURCE -Wall -Wextra -fPIC -Wno-missing-field-initializers -Wstrict-aliasing=2 -Wstrict-prototypes -Wdeclaration-after-statement -Wno-unused-const-variable -Wno-unused-function -Wno-deprecated-declarations -DCHECK_FUNCTION_EXISTS=clock_gettime   -o CMakeFiles/cmTryCompileExec3917733495.dir/CheckFunctionExists.c.o   -c /usr/local/Cellar/cmake/2.8.12.1/share/cmake/Modules/CheckFunctionExists.c
Linking C executable cmTryCompileExec3917733495
/usr/local/Cellar/cmake/2.8.12.1/bin/cmake -E cmake_link_script CMakeFiles/cmTryCompileExec3917733495.dir/link.txt --verbose=1
/usr/bin/cc  -D_GNU_SOURCE -Wall -Wextra -fPIC -Wno-missing-field-initializers -Wstrict-aliasing=2 -Wstrict-prototypes -Wdeclaration-after-statement -Wno-unused-const-variable -Wno-unused-function -Wno-deprecated-declarations -DCHECK_FUNCTION_EXISTS=clock_gettime -Wl,-search_paths_first -Wl,-headerpad_max_install_names   CMakeFiles/cmTryCompileExec3917733495.dir/CheckFunctionExists.c.o  -o cmTryCompileExec3917733495  -L/Users/workshare1/github/LearningRuby/appendix9-sequel/.bundle/ruby/2.1.0/gems/rugged-0.23.0/vendor/libgit2/build/CMakeFiles/CMakeTmp/time.h  -lrt -Wl,-rpath,/Users/workshare1/github/LearningRuby/appendix9-sequel/.bundle/ruby/2.1.0/gems/rugged-0.23.0/vendor/libgit2/build/CMakeFiles/CMakeTmp/time.h 
ld: warning: directory not found for option '-L/Users/workshare1/github/LearningRuby/appendix9-sequel/.bundle/ruby/2.1.0/gems/rugged-0.23.0/vendor/libgit2/build/CMakeFiles/CMakeTmp/time.h'
ld: library not found for -lrt
clang: error: linker command failed with exit code 1 (use -v to see invocation)
make[1]: *** [cmTryCompileExec3917733495] Error 1
make: *** [cmTryCompileExec3917733495/fast] Error 2


