have_library: checking for fdatasync() in -lrt... -------------------- no

"/usr/bin/clang -o conftest -I/Users/workshare1/.rvm/rubies/ruby-2.1.1/include/ruby-2.1.0/x86_64-darwin12.0 -I/Users/workshare1/.rvm/rubies/ruby-2.1.1/include/ruby-2.1.0/ruby/backward -I/Users/workshare1/.rvm/rubies/ruby-2.1.1/include/ruby-2.1.0 -I. -D_XOPEN_SOURCE -D_DARWIN_C_SOURCE -D_DARWIN_UNLIMITED_SELECT -D_REENTRANT   -O3 -I/Users/travis/.sm/pkg/active/include -fPIC -mmacosx-version-min=10.6 -pipe conftest.c  -L. -L/Users/workshare1/.rvm/rubies/ruby-2.1.1/lib -L. -L/Users/travis/.sm/pkg/active/lib -fPIC -Bstatic -fstack-protector   -arch x86_64   -lruby-static -framework CoreFoundation  -lpthread -ldl -lobjc "
ld: warning: directory not found for option '-L/Users/travis/.sm/pkg/active/lib'
checked program was:
/* begin */
1: #include "ruby.h"
2: 
3: int main(int argc, char **argv)
4: {
5:   return 0;
6: }
/* end */

"/usr/bin/clang -o conftest -I/Users/workshare1/.rvm/rubies/ruby-2.1.1/include/ruby-2.1.0/x86_64-darwin12.0 -I/Users/workshare1/.rvm/rubies/ruby-2.1.1/include/ruby-2.1.0/ruby/backward -I/Users/workshare1/.rvm/rubies/ruby-2.1.1/include/ruby-2.1.0 -I. -D_XOPEN_SOURCE -D_DARWIN_C_SOURCE -D_DARWIN_UNLIMITED_SELECT -D_REENTRANT   -O3 -I/Users/travis/.sm/pkg/active/include -fPIC -mmacosx-version-min=10.6 -pipe conftest.c  -L. -L/Users/workshare1/.rvm/rubies/ruby-2.1.1/lib -L. -L/Users/travis/.sm/pkg/active/lib -fPIC -Bstatic -fstack-protector   -arch x86_64   -lruby-static -framework CoreFoundation -lrt  -lpthread -ldl -lobjc "
conftest.c:13:57: error: use of undeclared identifier 'fdatasync'
int t(void) { void ((*volatile p)()); p = (void ((*)()))fdatasync; return 0; }
                                                        ^
1 error generated.
checked program was:
/* begin */
 1: #include "ruby.h"
 2: 
 3: /*top*/
 4: extern int t(void);
 5: int main(int argc, char **argv)
 6: {
 7:   if (argc > 1000000) {
 8:     printf("%p", &t);
 9:   }
10: 
11:   return 0;
12: }
13: int t(void) { void ((*volatile p)()); p = (void ((*)()))fdatasync; return 0; }
/* end */

"/usr/bin/clang -o conftest -I/Users/workshare1/.rvm/rubies/ruby-2.1.1/include/ruby-2.1.0/x86_64-darwin12.0 -I/Users/workshare1/.rvm/rubies/ruby-2.1.1/include/ruby-2.1.0/ruby/backward -I/Users/workshare1/.rvm/rubies/ruby-2.1.1/include/ruby-2.1.0 -I. -D_XOPEN_SOURCE -D_DARWIN_C_SOURCE -D_DARWIN_UNLIMITED_SELECT -D_REENTRANT   -O3 -I/Users/travis/.sm/pkg/active/include -fPIC -mmacosx-version-min=10.6 -pipe conftest.c  -L. -L/Users/workshare1/.rvm/rubies/ruby-2.1.1/lib -L. -L/Users/travis/.sm/pkg/active/lib -fPIC -Bstatic -fstack-protector   -arch x86_64   -lruby-static -framework CoreFoundation -lrt  -lpthread -ldl -lobjc "
conftest.c:13:15: warning: implicit declaration of function 'fdatasync' is invalid in C99 [-Wimplicit-function-declaration]
int t(void) { fdatasync(); return 0; }
              ^
1 warning generated.
ld: warning: directory not found for option '-L/Users/travis/.sm/pkg/active/lib'
ld: library not found for -lrt
clang: error: linker command failed with exit code 1 (use -v to see invocation)
checked program was:
/* begin */
 1: #include "ruby.h"
 2: 
 3: /*top*/
 4: extern int t(void);
 5: int main(int argc, char **argv)
 6: {
 7:   if (argc > 1000000) {
 8:     printf("%p", &t);
 9:   }
10: 
11:   return 0;
12: }
13: int t(void) { fdatasync(); return 0; }
/* end */

--------------------

have_header: checking for sqlite3.h... -------------------- yes

"/usr/bin/clang -E -I/Users/workshare1/.rvm/rubies/ruby-2.1.1/include/ruby-2.1.0/x86_64-darwin12.0 -I/Users/workshare1/.rvm/rubies/ruby-2.1.1/include/ruby-2.1.0/ruby/backward -I/Users/workshare1/.rvm/rubies/ruby-2.1.1/include/ruby-2.1.0 -I. -D_XOPEN_SOURCE -D_DARWIN_C_SOURCE -D_DARWIN_UNLIMITED_SELECT -D_REENTRANT   -O3 -I/Users/travis/.sm/pkg/active/include -fPIC -mmacosx-version-min=10.6 -pipe  conftest.c -o conftest.i"
checked program was:
/* begin */
1: #include "ruby.h"
2: 
3: #include <sqlite3.h>
/* end */

--------------------

have_library: checking for sqlite3_open() in -lsqlite3... -------------------- yes

"/usr/bin/clang -o conftest -I/Users/workshare1/.rvm/rubies/ruby-2.1.1/include/ruby-2.1.0/x86_64-darwin12.0 -I/Users/workshare1/.rvm/rubies/ruby-2.1.1/include/ruby-2.1.0/ruby/backward -I/Users/workshare1/.rvm/rubies/ruby-2.1.1/include/ruby-2.1.0 -I. -D_XOPEN_SOURCE -D_DARWIN_C_SOURCE -D_DARWIN_UNLIMITED_SELECT -D_REENTRANT   -O3 -I/Users/travis/.sm/pkg/active/include -fPIC -mmacosx-version-min=10.6 -pipe conftest.c  -L. -L/Users/workshare1/.rvm/rubies/ruby-2.1.1/lib -L. -L/Users/travis/.sm/pkg/active/lib -fPIC -Bstatic -fstack-protector   -arch x86_64   -lruby-static -framework CoreFoundation -lsqlite3  -lpthread -ldl -lobjc "
conftest.c:13:57: error: use of undeclared identifier 'sqlite3_open'
int t(void) { void ((*volatile p)()); p = (void ((*)()))sqlite3_open; return 0; }
                                                        ^
1 error generated.
checked program was:
/* begin */
 1: #include "ruby.h"
 2: 
 3: /*top*/
 4: extern int t(void);
 5: int main(int argc, char **argv)
 6: {
 7:   if (argc > 1000000) {
 8:     printf("%p", &t);
 9:   }
10: 
11:   return 0;
12: }
13: int t(void) { void ((*volatile p)()); p = (void ((*)()))sqlite3_open; return 0; }
/* end */

"/usr/bin/clang -o conftest -I/Users/workshare1/.rvm/rubies/ruby-2.1.1/include/ruby-2.1.0/x86_64-darwin12.0 -I/Users/workshare1/.rvm/rubies/ruby-2.1.1/include/ruby-2.1.0/ruby/backward -I/Users/workshare1/.rvm/rubies/ruby-2.1.1/include/ruby-2.1.0 -I. -D_XOPEN_SOURCE -D_DARWIN_C_SOURCE -D_DARWIN_UNLIMITED_SELECT -D_REENTRANT   -O3 -I/Users/travis/.sm/pkg/active/include -fPIC -mmacosx-version-min=10.6 -pipe conftest.c  -L. -L/Users/workshare1/.rvm/rubies/ruby-2.1.1/lib -L. -L/Users/travis/.sm/pkg/active/lib -fPIC -Bstatic -fstack-protector   -arch x86_64   -lruby-static -framework CoreFoundation -lsqlite3  -lpthread -ldl -lobjc "
conftest.c:13:15: warning: implicit declaration of function 'sqlite3_open' is invalid in C99 [-Wimplicit-function-declaration]
int t(void) { sqlite3_open(); return 0; }
              ^
1 warning generated.
ld: warning: directory not found for option '-L/Users/travis/.sm/pkg/active/lib'
checked program was:
/* begin */
 1: #include "ruby.h"
 2: 
 3: /*top*/
 4: extern int t(void);
 5: int main(int argc, char **argv)
 6: {
 7:   if (argc > 1000000) {
 8:     printf("%p", &t);
 9:   }
10: 
11:   return 0;
12: }
13: int t(void) { sqlite3_open(); return 0; }
/* end */

--------------------

